\BOOKMARK [0][-]{chapter.1}{\376\377\176\304\124\010\145\160\133\146}{}% 1
\BOOKMARK [1][-]{section.1.1}{\376\377\127\372\147\054\143\222\122\027\176\304\124\010\121\154\137\017}{chapter.1}% 2
\BOOKMARK [1][-]{section.1.2}{\376\377\221\315\211\201\176\304\124\010\140\122\173\111\137\017}{chapter.1}% 3
\BOOKMARK [1][-]{section.1.3}{\376\377\116\214\230\171\137\017\174\373\145\160}{chapter.1}% 4
\BOOKMARK [1][-]{section.1.4}{\376\377\142\275\134\111\123\237\164\006}{chapter.1}% 5
\BOOKMARK [1][-]{section.1.5}{\376\377\133\271\145\245\123\237\164\006}{chapter.1}% 6
\BOOKMARK [2][-]{subsection.1.5.1}{\376\377\133\271\145\245\123\237\164\006}{section.1.5}% 7
\BOOKMARK [2][-]{subsection.1.5.2}{\376\377\213\241\173\227\147\011\171\201\153\142\117\115\177\156\166\204\227\136\145\073\121\373\127\213\217\146\166\204\145\271\154\325\145\160\377\014\147\011\171\201\153\142\117\115\177\156\166\204\143\222\122\027\145\160}{section.1.5}% 8
\BOOKMARK [2][-]{subsection.1.5.3}{\376\377\203\253\153\324\116\114\145\257\123\315\157\024\000I}{section.1.5}% 9
\BOOKMARK [2][-]{subsection.1.5.4}{\376\377\203\253\153\324\116\114\145\257\123\315\157\024\000I\000I}{section.1.5}% 10
\BOOKMARK [1][-]{section.1.6}{\376\377\220\022\143\250\121\163\174\373\124\214\165\037\142\020\121\375\145\160}{chapter.1}% 11
\BOOKMARK [2][-]{subsection.1.6.1}{\376\377\165\037\142\020\121\375\145\160}{section.1.6}% 12
\BOOKMARK [1][-]{section.1.7}{\376\377\123\141\162\171\121\160\145\160\124\214\173\054\116\214\174\173\145\257\162\171\147\227\145\160}{chapter.1}% 13
\BOOKMARK [2][-]{subsection.1.7.1}{\376\377\123\141\162\171\121\160\145\160}{section.1.7}% 14
\BOOKMARK [2][-]{subsection.1.7.2}{\376\377\145\257\162\171\147\227\145\160}{section.1.7}% 15
\BOOKMARK [2][-]{subsection.1.7.3}{\376\377\164\003\166\322\152\041\127\213}{section.1.7}% 16
\BOOKMARK [1][-]{section.1.8}{\376\377\116\214\230\171\137\017\123\315\157\024}{chapter.1}% 17
\BOOKMARK [2][-]{subsection.1.8.1}{\376\377\232\330\176\364\116\214\230\171\137\017\123\315\157\024}{section.1.8}% 18
\BOOKMARK [1][-]{section.1.9}{\376\377\142\306\122\006}{chapter.1}% 19
\BOOKMARK [0][-]{chapter.2}{\376\377\145\160\213\272}{}% 20
\BOOKMARK [1][-]{section.2.1}{\376\377\145\164\226\144}{chapter.2}% 21
\BOOKMARK [1][-]{section.2.2}{\376\377\124\014\117\131}{chapter.2}% 22
\BOOKMARK [2][-]{subsection.2.2.1}{\376\377\124\014\117\131}{section.2.2}% 23
\BOOKMARK [2][-]{subsection.2.2.2}{\376\377\176\277\140\047\124\014\117\131\145\271\172\013}{section.2.2}% 24
\BOOKMARK [1][-]{section.2.3}{\376\377\116\130\140\047\121\375\145\160}{chapter.2}% 25
\BOOKMARK [0][-]{chapter.3}{\376\377\154\102\124\214}{}% 26
\BOOKMARK [1][-]{section.3.1}{\376\377\220\022\137\122\225\356\230\230\060\000\000R\000E\000C\000U\000R\000R\000E\000N\000T\000\040\000P\000R\000O\000B\000L\000E\000M\000S}{chapter.3}% 27
\BOOKMARK [2][-]{subsection.3.1.1}{\376\377\000r\000e\000p\000e\000r\000t\000o\000i\000r\000e\000\040\000m\000e\000t\000h\000o\000d}{section.3.1}% 28
\BOOKMARK [2][-]{subsection.3.1.2}{\376\377\176\246\164\137\131\053\225\356\230\230}{section.3.1}% 29
\BOOKMARK [1][-]{section.3.2}{\376\377\124\214\137\017\000\040\000S\000U\000M\000S}{chapter.3}% 30
\BOOKMARK [2][-]{subsection.3.2.1}{\376\377\124\214\137\017\124\214\220\022\137\122\137\017\000\040\000S\000U\000M\000S\000\040\000A\000N\000D\000\040\000R\000E\000C\000U\000R\000R\000E\000N\000C\000E\000S}{section.3.2}% 31
\BOOKMARK [2][-]{subsection.3.2.2}{\376\377\124\214\137\017\166\204\131\004\164\006\000\040\000M\000A\000N\000I\000P\000U\000L\000A\000T\000I\000O\000N\000\040\000O\000F\000\040\000S\000U\000M\000S}{section.3.2}% 32
\BOOKMARK [2][-]{subsection.3.2.3}{\376\377\142\160\122\250\154\325\000\040\377\010\000p\000e\000r\000t\000u\000r\000b\000a\000t\000i\000o\000n\000\040\000m\000e\000t\000h\000o\000d\377\011}{section.3.2}% 33
\BOOKMARK [2][-]{subsection.3.2.4}{\376\377\131\032\221\315\124\214\137\017\000\040\000M\000U\000L\000T\000I\000P\000L\000E\000\040\000S\000U\000M\000S\000\040}{section.3.2}% 34
\BOOKMARK [2][-]{subsection.3.2.5}{\376\377\116\000\202\054\140\047\166\204\145\271\154\325\000\040\000G\000E\000N\000E\000R\000A\000L\000\040\000M\000E\000T\000H\000O\000D\000S\000\040}{section.3.2}% 35
\BOOKMARK [2][-]{subsection.3.2.6}{\376\377\147\011\226\120\137\256\171\357\122\006}{section.3.2}% 36
\BOOKMARK [2][-]{subsection.3.2.7}{\376\377\145\340\226\120\124\214\137\017\000\040\000I\000N\000F\000I\000N\000I\000T\000E\000\040\000S\000U\000M\000S}{section.3.2}% 37
\BOOKMARK [0][-]{chapter.4}{\376\377\151\202\163\207\213\272}{}% 38
\BOOKMARK [1][-]{section.4.1}{\376\377\127\372\147\054\151\202\137\365\124\214\121\154\137\017}{chapter.4}% 39
\BOOKMARK [1][-]{section.4.2}{\376\377\221\315\211\201\121\154\137\017\116\016\176\323\213\272}{chapter.4}% 40
\BOOKMARK [2][-]{subsection.4.2.1}{\376\377\145\160\133\146\147\037\147\033\377\010\127\107\120\074\377\011\116\016\145\271\135\356}{section.4.2}% 41
\BOOKMARK [1][-]{section.4.3}{\376\377\147\037\147\033\176\317\121\170\225\356\230\230\121\145\225\350}{chapter.4}% 42
\BOOKMARK [2][-]{subsection.4.3.1}{\376\377\146\156\220\032}{section.4.3}% 43
\BOOKMARK [2][-]{subsection.4.3.2}{\376\377\142\377\164\003}{section.4.3}% 44
\BOOKMARK [2][-]{subsection.4.3.3}{\376\377\156\070\215\160}{section.4.3}% 45
\BOOKMARK [2][-]{subsection.4.3.4}{\376\377\211\343\230\230\145\271\154\325}{section.4.3}% 46
\BOOKMARK [0][-]{chapter.5}{\376\377\147\102}{}% 47
\BOOKMARK [1][-]{section.5.1}{\376\377\147\000\134\017\116\214\116\130\154\325}{chapter.5}% 48
\BOOKMARK [1][-]{section.5.2}{\376\377\136\070\165\050\136\102\176\247\145\160}{chapter.5}% 49
\BOOKMARK [1][-]{section.5.3}{\376\377\131\015\145\160}{chapter.5}% 50
\BOOKMARK [2][-]{subsection.5.3.1}{\376\377\122\006\137\017\176\277\140\047\123\330\143\142}{section.5.3}% 51
