\BOOKMARK [0][-]{chapter.1}{\376\377\121\340\117\125}{}% 1
\BOOKMARK [1][-]{section.1.1}{\376\377\147\201\211\322\143\222\136\217}{chapter.1}% 2
\BOOKMARK [1][-]{section.1.2}{\376\377\145\313\217\154\123\141\130\363}{chapter.1}% 3
\BOOKMARK [1][-]{section.1.3}{\376\377\122\007\153\324\226\352\131\053\215\335\171\273}{chapter.1}% 4
\BOOKMARK [0][-]{chapter.2}{\376\377\150\021}{}% 5
\BOOKMARK [1][-]{section.2.1}{\376\377\150\021\166\204\221\315\137\303}{chapter.2}% 6
\BOOKMARK [1][-]{section.2.2}{\376\377\150\021\166\204\166\364\137\204}{chapter.2}% 7
\BOOKMARK [0][-]{chapter.3}{\376\377\145\160\133\146}{}% 8
\BOOKMARK [1][-]{section.3.1}{\376\377\137\002\142\026\176\277\140\047\127\372}{chapter.3}% 9
\BOOKMARK [0][-]{chapter.4}{\376\377\145\160\143\156\176\323\147\204}{}% 10
\BOOKMARK [1][-]{section.4.1}{\376\377\176\277\153\265\150\021\116\214\122\006}{chapter.4}% 11
\BOOKMARK [1][-]{section.4.2}{\376\377\176\277\153\265\150\021\176\364\142\244\123\072\225\364\000g\000c\000d}{chapter.4}% 12
\BOOKMARK [1][-]{section.4.3}{\376\377\133\371\230\166\130\006}{chapter.4}% 13
\BOOKMARK [1][-]{section.4.4}{\376\377\142\113\121\231\000B\000i\000t\000s\000e\000t}{chapter.4}% 14
\BOOKMARK [0][-]{chapter.5}{\376\377\000t\000r\000i\000c\000k}{}% 15
\BOOKMARK [1][-]{subsection.5.0.1}{\376\377\147\232\116\076\133\120\226\306}{chapter.5}% 16
\BOOKMARK [2][-]{subsection.5.0.2}{\376\377\154\102\142\100\147\011\126\340\145\160}{subsection.5.0.1}% 17
\BOOKMARK [0][-]{chapter.6}{\376\377\147\102\230\171}{}% 18
\BOOKMARK [1][-]{section.6.1}{\376\377\150\074\226\367\170\001}{chapter.6}% 19
\BOOKMARK [1][-]{section.6.2}{\376\377\000p\000b\000d\000s}{chapter.6}% 20
\BOOKMARK [2][-]{subsection.6.2.1}{\376\377\124\310\136\014\210\150}{section.6.2}% 21
