\BOOKMARK [0][-]{chapter.1}{\376\377\121\340\117\125}{}% 1
\BOOKMARK [1][-]{section.1.1}{\376\377\213\241\173\227\116\044\116\052\142\107\137\142\123\072\127\337\166\204\116\244}{chapter.1}% 2
\BOOKMARK [1][-]{section.1.2}{\376\377\147\201\211\322\143\222\136\217}{chapter.1}% 3
\BOOKMARK [1][-]{section.1.3}{\376\377\145\313\217\154\123\141\130\363}{chapter.1}% 4
\BOOKMARK [1][-]{section.1.4}{\376\377\122\007\153\324\226\352\131\053\215\335\171\273}{chapter.1}% 5
\BOOKMARK [0][-]{chapter.2}{\376\377\150\021}{}% 6
\BOOKMARK [1][-]{section.2.1}{\376\377\150\021\166\204\221\315\137\303}{chapter.2}% 7
\BOOKMARK [1][-]{section.2.2}{\376\377\150\021\166\204\166\364\137\204}{chapter.2}% 8
\BOOKMARK [1][-]{section.2.3}{\376\377\000O\000\050\0001\000\051\000L\000C\000A}{chapter.2}% 9
\BOOKMARK [0][-]{chapter.3}{\376\377\145\160\133\146}{}% 10
\BOOKMARK [1][-]{section.3.1}{\376\377\123\167\171\357}{chapter.3}% 11
\BOOKMARK [1][-]{section.3.2}{\376\377\131\015\145\160\127\337\232\330\145\257\155\210\121\103}{chapter.3}% 12
\BOOKMARK [1][-]{section.3.3}{\376\377\171\357\124\214\137\017}{chapter.3}% 13
\BOOKMARK [1][-]{section.3.4}{\376\377\131\032\230\171\137\017\134\001\210\305}{chapter.3}% 14
\BOOKMARK [1][-]{section.3.5}{\376\377\137\002\142\026\176\277\140\047\127\372}{chapter.3}% 15
\BOOKMARK [0][-]{chapter.4}{\376\377\145\160\143\156\176\323\147\204}{}% 16
\BOOKMARK [1][-]{section.4.1}{\376\377\176\277\153\265\150\021\116\214\122\006}{chapter.4}% 17
\BOOKMARK [1][-]{section.4.2}{\376\377\176\277\153\265\150\021\176\364\142\244\123\072\225\364\000g\000c\000d}{chapter.4}% 18
\BOOKMARK [1][-]{section.4.3}{\376\377\133\371\230\166\130\006}{chapter.4}% 19
\BOOKMARK [1][-]{section.4.4}{\376\377\142\113\121\231\000B\000i\000t\000s\000e\000t}{chapter.4}% 20
\BOOKMARK [1][-]{section.4.5}{\376\377\173\033\123\141\134\024\150\021}{chapter.4}% 21
\BOOKMARK [0][-]{chapter.5}{\376\377\000t\000r\000i\000c\000k}{}% 22
\BOOKMARK [1][-]{section.5.1}{\376\377\147\232\116\076\133\120\226\306}{chapter.5}% 23
\BOOKMARK [1][-]{section.5.2}{\376\377\154\102\142\100\147\011\126\340\145\160}{chapter.5}% 24
\BOOKMARK [0][-]{chapter.6}{\376\377\147\102\230\171}{}% 25
\BOOKMARK [1][-]{section.6.1}{\376\377\150\074\226\367\170\001}{chapter.6}% 26
\BOOKMARK [1][-]{section.6.2}{\376\377\000p\000b\000d\000s}{chapter.6}% 27
\BOOKMARK [1][-]{section.6.3}{\376\377\124\310\136\014\210\150}{chapter.6}% 28
\BOOKMARK [0][-]{chapter.7}{\376\377\122\250\140\001\211\304\122\022}{}% 29
\BOOKMARK [1][-]{section.7.1}{\376\377\150\021\116\012\200\314\123\005}{chapter.7}% 30
\BOOKMARK [2][-]{subsection.7.1.1}{\376\377\000d\000f\000s\136\217\117\030\123\026}{section.7.1}% 31
\BOOKMARK [2][-]{subsection.7.1.2}{\376\377\131\032\123\311\217\154\116\214\123\311\117\030\123\026}{section.7.1}% 32
\BOOKMARK [1][-]{section.7.2}{\376\377\147\000\225\177\123\125\214\003\133\120\136\217\122\027}{chapter.7}% 33
\BOOKMARK [0][-]{chapter.8}{\376\377\126\376\213\272}{}% 34
\BOOKMARK [1][-]{section.8.1}{\376\377\172\336\215\133\126\376}{chapter.8}% 35
\BOOKMARK [1][-]{section.8.2}{\376\377\000d\000i\000j\000s\000k\000t\000r\000a\154\102\147\011\124\021\126\376\147\000\134\017\164\366\230\210\215\357\377\010\000A\000I\000,\147\052\232\214\213\301\377\011}{chapter.8}% 36
\BOOKMARK [1][-]{section.8.3}{\376\377\000t\000a\000r\000j\000a\000n\147\011\221\315\217\271\142\176\150\145}{chapter.8}% 37
\BOOKMARK [0][-]{chapter.9}{\376\377\213\355\154\325}{}% 38
\BOOKMARK [1][-]{section.9.1}{\376\377\131\015\145\160}{chapter.9}% 39
\BOOKMARK [0][-]{chapter.10}{\376\377\177\121\176\334\155\101}{}% 40
\BOOKMARK [1][-]{section.10.1}{\376\377\000S\000P\000F\000A\215\071\165\050\155\101}{chapter.10}% 41
\BOOKMARK [1][-]{section.10.2}{\376\377\177\121\176\334\155\101\134\001\210\305\000\050\135\362\232\214\213\301\000\051}{chapter.10}% 42
